<?xml version="1.0" encoding="UTF-8"?>
<testsuite name="memory.MemoryFinderTest" tests="1" skipped="0" failures="0" errors="0" timestamp="2025-02-10T08:10:49" hostname="DESKTOP-7HG0EO8" time="0.083">
  <properties/>
  <testcase name="get()" classname="memory.MemoryFinderTest" time="0.083"/>
  <system-out><![CDATA[]]></system-out>
  <system-err><![CDATA[]]></system-err>
</testsuite>
